<?xml version='1.0' encoding='UTF-8'?>
<testsuite hostname="PATAPL-M124G8WM" name="FileSearcher.MatcherTests" tests="6" errors="0" failures="0" time="0.038">
                     <properties>
[...]
</properties>
                     <testcase classname="FileSearcher.MatcherTests" name="Matcher that is passed a file matching file should return a list with that file name" time="0.012">
                                                 
                                               </testcase><testcase classname="FileSearcher.MatcherTests" name="Matcher using a directory containing one file matching the filter should return a list with that file name" time="0.002">
                                                 
                                               </testcase><testcase classname="FileSearcher.MatcherTests" name="Matcher that is not passed a root file location should use the current location" time="0.0">
                                                 
                                               </testcase><testcase classname="FileSearcher.MatcherTests" name="Matcher with sub folder checking matching a root location with two subtree files matching should return a list with those file names" time="0.001">
                                                 
                                               </testcase><testcase classname="FileSearcher.MatcherTests" name="Matcher given a path that has one file that matches file filter and content filter should return a list with the file name" time="0.012">
                                                 
                                               </testcase><testcase classname="FileSearcher.MatcherTests" name="Matcher given a path that has no file that matches file filter and content filter should return an empty list" time="0.011">
                                                 
                                               </testcase>
                     <system-out></system-out>
                     <system-err></system-err>
                   </testsuite>